  stdafx.cpp
  LoadPng.cpp
LoadPng.cpp(800): warning C4334: '<<': 32비트 시프트의 결과가 암시적으로 64비트로 변환됩니다. 64비트 시프트를 사용하시겠습니까?
LoadPng.cpp(1462): warning C4267: '=': 'size_t'에서 'int'(으)로 변환하면서 데이터가 손실될 수 있습니다.
LoadPng.cpp(1466): warning C4267: '=': 'size_t'에서 'int'(으)로 변환하면서 데이터가 손실될 수 있습니다.
LoadPng.cpp(1538): warning C4267: '=': 'size_t'에서 'unsigned int'(으)로 변환하면서 데이터가 손실될 수 있습니다.
LoadPng.cpp(3483): warning C4334: '<<': 32비트 시프트의 결과가 암시적으로 64비트로 변환됩니다. 64비트 시프트를 사용하시겠습니까?
LoadPng.cpp(3497): warning C4267: '인수': 'size_t'에서 'unsigned int'(으)로 변환하면서 데이터가 손실될 수 있습니다.
LoadPng.cpp(4338): warning C4267: '=': 'size_t'에서 'unsigned int'(으)로 변환하면서 데이터가 손실될 수 있습니다.
LoadPng.cpp(4386): warning C4267: '=': 'size_t'에서 'unsigned int'(으)로 변환하면서 데이터가 손실될 수 있습니다.
LoadPng.cpp(4466): warning C4267: '=': 'size_t'에서 'unsigned int'(으)로 변환하면서 데이터가 손실될 수 있습니다.
LoadPng.cpp(5409): warning C4267: '초기화 중': 'size_t'에서 'unsigned int'(으)로 변환하면서 데이터가 손실될 수 있습니다.
  object.cpp
object.cpp(14): warning C4244: '=': 'int'에서 'float'(으)로 변환하면서 데이터가 손실될 수 있습니다.
object.cpp(118): warning C4305: '=': 'double'에서 'float'(으)로 잘립니다.
object.cpp(119): warning C4305: '=': 'double'에서 'float'(으)로 잘립니다.
object.cpp(137): warning C4244: '초기화 중': 'double'에서 'float'(으)로 변환하면서 데이터가 손실될 수 있습니다.
object.cpp(143): warning C4244: '초기화 중': 'double'에서 'float'(으)로 변환하면서 데이터가 손실될 수 있습니다.
  Renderer.cpp
Renderer.cpp(217): warning C4244: '=': 'double'에서 'float'(으)로 변환하면서 데이터가 손실될 수 있습니다.
Renderer.cpp(218): warning C4244: '=': 'double'에서 'float'(으)로 변환하면서 데이터가 손실될 수 있습니다.
Renderer.cpp(367): warning C4267: '=': 'size_t'에서 'GLint'(으)로 변환하면서 데이터가 손실될 수 있습니다.
Renderer.cpp(851): warning C4244: '인수': 'float'에서 'GLint'(으)로 변환하면서 데이터가 손실될 수 있습니다.
Renderer.cpp(927): warning C4018: '<': signed 또는 unsigned가 일치하지 않습니다.
  SceneMgr.cpp
SceneMgr.cpp(51): warning C4305: '인수': 'double'에서 'float'(으)로 잘립니다.
SceneMgr.cpp(55): warning C4305: '인수': 'double'에서 'float'(으)로 잘립니다.
SceneMgr.cpp(59): warning C4305: '인수': 'double'에서 'float'(으)로 잘립니다.
SceneMgr.cpp(79): warning C4244: '+=': 'double'에서 'float'(으)로 변환하면서 데이터가 손실될 수 있습니다.
SceneMgr.cpp(85): warning C4244: '인수': 'int'에서 'float'(으)로 변환하면서 데이터가 손실될 수 있습니다.
SceneMgr.cpp(110): warning C4244: '인수': 'float'에서 'int'(으)로 변환하면서 데이터가 손실될 수 있습니다.
SceneMgr.cpp(119): warning C4244: '인수': 'float'에서 'int'(으)로 변환하면서 데이터가 손실될 수 있습니다.
SceneMgr.cpp(176): warning C4244: '인수': 'float'에서 'int'(으)로 변환하면서 데이터가 손실될 수 있습니다.
SceneMgr.cpp(177): warning C4244: '인수': 'float'에서 'int'(으)로 변환하면서 데이터가 손실될 수 있습니다.
SceneMgr.cpp(183): warning C4244: '인수': 'float'에서 'int'(으)로 변환하면서 데이터가 손실될 수 있습니다.
SceneMgr.cpp(184): warning C4244: '인수': 'float'에서 'int'(으)로 변환하면서 데이터가 손실될 수 있습니다.
SceneMgr.cpp(197): warning C4244: '인수': 'float'에서 'int'(으)로 변환하면서 데이터가 손실될 수 있습니다.
SceneMgr.cpp(198): warning C4244: '인수': 'float'에서 'int'(으)로 변환하면서 데이터가 손실될 수 있습니다.
SceneMgr.cpp(204): warning C4244: '인수': 'float'에서 'int'(으)로 변환하면서 데이터가 손실될 수 있습니다.
SceneMgr.cpp(205): warning C4244: '인수': 'float'에서 'int'(으)로 변환하면서 데이터가 손실될 수 있습니다.
SceneMgr.cpp(267): warning C4305: '인수': 'double'에서 'float'(으)로 잘립니다.
  SimpleGame.cpp
SimpleGame.cpp(34): warning C4244: '+=': 'double'에서 'float'(으)로 변환하면서 데이터가 손실될 수 있습니다.
SimpleGame.cpp(35): warning C4244: '인수': 'DWORD'에서 'float'(으)로 변환하면서 데이터가 손실될 수 있습니다.
SimpleGame.cpp(53): warning C4244: '인수': 'int'에서 'float'(으)로 변환하면서 데이터가 손실될 수 있습니다.
  Sound.cpp
  코드를 생성하고 있습니다.
  528 of 534 functions (98.9%) were compiled, the rest were copied from previous compilation.
    0 functions were new in current compilation
    0 functions had inline decision re-evaluated but remain unchanged
  코드를 생성했습니다.
  SimpleGame.vcxproj -> C:\Users\BJS\Downloads\2017 2학기\GSE_2_2015180018 실습 11\SimpleGame_object\x64\Release\SimpleGame.exe
  SimpleGame.vcxproj -> C:\Users\BJS\Downloads\2017 2학기\GSE_2_2015180018 실습 11\SimpleGame_object\x64\Release\SimpleGame.pdb (Full PDB)
