  stdafx.cpp
  Sound.cpp
  SimpleGame.cpp
c:\users\user\documents\github\gse_project\gse_2_2015180018\gse_2_2015180018\simplegame_object\simplegame\simplegame.cpp(35): warning C4244: '+=': 'double'에서 'float'(으)로 변환하면서 데이터가 손실될 수 있습니다.
c:\users\user\documents\github\gse_project\gse_2_2015180018\gse_2_2015180018\simplegame_object\simplegame\simplegame.cpp(36): warning C4244: '인수': 'DWORD'에서 'float'(으)로 변환하면서 데이터가 손실될 수 있습니다.
c:\users\user\documents\github\gse_project\gse_2_2015180018\gse_2_2015180018\simplegame_object\simplegame\simplegame.cpp(53): warning C4244: '인수': 'int'에서 'float'(으)로 변환하면서 데이터가 손실될 수 있습니다.
  SceneMgr.cpp
c:\users\user\documents\github\gse_project\gse_2_2015180018\gse_2_2015180018\simplegame_object\simplegame\scenemgr.cpp(23): error C2065: 'textureBack': 선언되지 않은 식별자입니다.
c:\users\user\documents\github\gse_project\gse_2_2015180018\gse_2_2015180018\simplegame_object\simplegame\scenemgr.cpp(24): error C2065: 'textureBuilding1': 선언되지 않은 식별자입니다.
c:\users\user\documents\github\gse_project\gse_2_2015180018\gse_2_2015180018\simplegame_object\simplegame\scenemgr.cpp(25): error C2065: 'textureBuilding2': 선언되지 않은 식별자입니다.
c:\users\user\documents\github\gse_project\gse_2_2015180018\gse_2_2015180018\simplegame_object\simplegame\scenemgr.cpp(26): error C2065: 'textureChar1': 선언되지 않은 식별자입니다.
c:\users\user\documents\github\gse_project\gse_2_2015180018\gse_2_2015180018\simplegame_object\simplegame\scenemgr.cpp(27): error C2065: 'textureChar2': 선언되지 않은 식별자입니다.
c:\users\user\documents\github\gse_project\gse_2_2015180018\gse_2_2015180018\simplegame_object\simplegame\scenemgr.cpp(28): error C2065: 'texturePartical': 선언되지 않은 식별자입니다.
c:\users\user\documents\github\gse_project\gse_2_2015180018\gse_2_2015180018\simplegame_object\simplegame\scenemgr.cpp(30): error C2065: 'g_Sound': 선언되지 않은 식별자입니다.
c:\users\user\documents\github\gse_project\gse_2_2015180018\gse_2_2015180018\simplegame_object\simplegame\scenemgr.cpp(30): error C2061: 구문 오류: 식별자 'Sound'
c:\users\user\documents\github\gse_project\gse_2_2015180018\gse_2_2015180018\simplegame_object\simplegame\scenemgr.cpp(31): error C2065: 'g_Sound': 선언되지 않은 식별자입니다.
c:\users\user\documents\github\gse_project\gse_2_2015180018\gse_2_2015180018\simplegame_object\simplegame\scenemgr.cpp(31): error C2227: '->CreateSound' 왼쪽은 클래스/구조체/공용 구조체/제네릭 형식을 가리켜야 합니다.
  c:\users\user\documents\github\gse_project\gse_2_2015180018\gse_2_2015180018\simplegame_object\simplegame\scenemgr.cpp(31): note: 'unknown-type' 형식입니다.
c:\users\user\documents\github\gse_project\gse_2_2015180018\gse_2_2015180018\simplegame_object\simplegame\scenemgr.cpp(33): error C2065: 'g_Sound': 선언되지 않은 식별자입니다.
c:\users\user\documents\github\gse_project\gse_2_2015180018\gse_2_2015180018\simplegame_object\simplegame\scenemgr.cpp(33): error C2227: '->PlaySound' 왼쪽은 클래스/구조체/공용 구조체/제네릭 형식을 가리켜야 합니다.
  c:\users\user\documents\github\gse_project\gse_2_2015180018\gse_2_2015180018\simplegame_object\simplegame\scenemgr.cpp(33): note: 'unknown-type' 형식입니다.
c:\users\user\documents\github\gse_project\gse_2_2015180018\gse_2_2015180018\simplegame_object\simplegame\scenemgr.cpp(56): warning C4305: '인수': 'double'에서 'float'(으)로 잘립니다.
c:\users\user\documents\github\gse_project\gse_2_2015180018\gse_2_2015180018\simplegame_object\simplegame\scenemgr.cpp(60): warning C4305: '인수': 'double'에서 'float'(으)로 잘립니다.
c:\users\user\documents\github\gse_project\gse_2_2015180018\gse_2_2015180018\simplegame_object\simplegame\scenemgr.cpp(64): warning C4305: '인수': 'double'에서 'float'(으)로 잘립니다.
c:\users\user\documents\github\gse_project\gse_2_2015180018\gse_2_2015180018\simplegame_object\simplegame\scenemgr.cpp(84): warning C4244: '+=': 'double'에서 'float'(으)로 변환하면서 데이터가 손실될 수 있습니다.
c:\users\user\documents\github\gse_project\gse_2_2015180018\gse_2_2015180018\simplegame_object\simplegame\scenemgr.cpp(90): warning C4244: '인수': 'int'에서 'float'(으)로 변환하면서 데이터가 손실될 수 있습니다.
c:\users\user\documents\github\gse_project\gse_2_2015180018\gse_2_2015180018\simplegame_object\simplegame\scenemgr.cpp(115): warning C4244: '인수': 'float'에서 'int'(으)로 변환하면서 데이터가 손실될 수 있습니다.
c:\users\user\documents\github\gse_project\gse_2_2015180018\gse_2_2015180018\simplegame_object\simplegame\scenemgr.cpp(124): warning C4244: '인수': 'float'에서 'int'(으)로 변환하면서 데이터가 손실될 수 있습니다.
c:\users\user\documents\github\gse_project\gse_2_2015180018\gse_2_2015180018\simplegame_object\simplegame\scenemgr.cpp(181): warning C4244: '인수': 'float'에서 'int'(으)로 변환하면서 데이터가 손실될 수 있습니다.
c:\users\user\documents\github\gse_project\gse_2_2015180018\gse_2_2015180018\simplegame_object\simplegame\scenemgr.cpp(182): warning C4244: '인수': 'float'에서 'int'(으)로 변환하면서 데이터가 손실될 수 있습니다.
c:\users\user\documents\github\gse_project\gse_2_2015180018\gse_2_2015180018\simplegame_object\simplegame\scenemgr.cpp(188): warning C4244: '인수': 'float'에서 'int'(으)로 변환하면서 데이터가 손실될 수 있습니다.
c:\users\user\documents\github\gse_project\gse_2_2015180018\gse_2_2015180018\simplegame_object\simplegame\scenemgr.cpp(189): warning C4244: '인수': 'float'에서 'int'(으)로 변환하면서 데이터가 손실될 수 있습니다.
c:\users\user\documents\github\gse_project\gse_2_2015180018\gse_2_2015180018\simplegame_object\simplegame\scenemgr.cpp(202): warning C4244: '인수': 'float'에서 'int'(으)로 변환하면서 데이터가 손실될 수 있습니다.
c:\users\user\documents\github\gse_project\gse_2_2015180018\gse_2_2015180018\simplegame_object\simplegame\scenemgr.cpp(203): warning C4244: '인수': 'float'에서 'int'(으)로 변환하면서 데이터가 손실될 수 있습니다.
c:\users\user\documents\github\gse_project\gse_2_2015180018\gse_2_2015180018\simplegame_object\simplegame\scenemgr.cpp(209): warning C4244: '인수': 'float'에서 'int'(으)로 변환하면서 데이터가 손실될 수 있습니다.
c:\users\user\documents\github\gse_project\gse_2_2015180018\gse_2_2015180018\simplegame_object\simplegame\scenemgr.cpp(210): warning C4244: '인수': 'float'에서 'int'(으)로 변환하면서 데이터가 손실될 수 있습니다.
c:\users\user\documents\github\gse_project\gse_2_2015180018\gse_2_2015180018\simplegame_object\simplegame\scenemgr.cpp(270): error C2065: 'textureBack': 선언되지 않은 식별자입니다.
c:\users\user\documents\github\gse_project\gse_2_2015180018\gse_2_2015180018\simplegame_object\simplegame\scenemgr.cpp(303): error C2065: 'textureBuilding1': 선언되지 않은 식별자입니다.
c:\users\user\documents\github\gse_project\gse_2_2015180018\gse_2_2015180018\simplegame_object\simplegame\scenemgr.cpp(331): error C2065: 'textureBuilding2': 선언되지 않은 식별자입니다.
c:\users\user\documents\github\gse_project\gse_2_2015180018\gse_2_2015180018\simplegame_object\simplegame\scenemgr.cpp(362): error C2065: 'textureChar1': 선언되지 않은 식별자입니다.
c:\users\user\documents\github\gse_project\gse_2_2015180018\gse_2_2015180018\simplegame_object\simplegame\scenemgr.cpp(375): error C2065: 'textureChar2': 선언되지 않은 식별자입니다.
c:\users\user\documents\github\gse_project\gse_2_2015180018\gse_2_2015180018\simplegame_object\simplegame\scenemgr.cpp(403): error C2065: 'texturePartical': 선언되지 않은 식별자입니다.
  Renderer.cpp
c:\users\user\documents\github\gse_project\gse_2_2015180018\gse_2_2015180018\simplegame_object\simplegame\renderer.cpp(217): warning C4244: '=': 'double'에서 'float'(으)로 변환하면서 데이터가 손실될 수 있습니다.
c:\users\user\documents\github\gse_project\gse_2_2015180018\gse_2_2015180018\simplegame_object\simplegame\renderer.cpp(218): warning C4244: '=': 'double'에서 'float'(으)로 변환하면서 데이터가 손실될 수 있습니다.
c:\users\user\documents\github\gse_project\gse_2_2015180018\gse_2_2015180018\simplegame_object\simplegame\renderer.cpp(851): warning C4244: '인수': 'float'에서 'GLint'(으)로 변환하면서 데이터가 손실될 수 있습니다.
c:\users\user\documents\github\gse_project\gse_2_2015180018\gse_2_2015180018\simplegame_object\simplegame\renderer.cpp(927): warning C4018: '<': signed 또는 unsigned가 일치하지 않습니다.
  object.cpp
c:\users\user\documents\github\gse_project\gse_2_2015180018\gse_2_2015180018\simplegame_object\simplegame\object.cpp(14): warning C4244: '=': 'int'에서 'float'(으)로 변환하면서 데이터가 손실될 수 있습니다.
c:\users\user\documents\github\gse_project\gse_2_2015180018\gse_2_2015180018\simplegame_object\simplegame\object.cpp(115): warning C4305: '=': 'double'에서 'float'(으)로 잘립니다.
c:\users\user\documents\github\gse_project\gse_2_2015180018\gse_2_2015180018\simplegame_object\simplegame\object.cpp(116): warning C4305: '=': 'double'에서 'float'(으)로 잘립니다.
c:\users\user\documents\github\gse_project\gse_2_2015180018\gse_2_2015180018\simplegame_object\simplegame\object.cpp(134): warning C4244: '초기화 중': 'double'에서 'float'(으)로 변환하면서 데이터가 손실될 수 있습니다.
c:\users\user\documents\github\gse_project\gse_2_2015180018\gse_2_2015180018\simplegame_object\simplegame\object.cpp(140): warning C4244: '초기화 중': 'double'에서 'float'(으)로 변환하면서 데이터가 손실될 수 있습니다.
  LoadPng.cpp
  코드를 생성하고 있습니다...
