c:\users\user\desktop\gse_2_2015180018 실습 11\simplegame_object\simplegame\debug\simplegame.pch
c:\users\user\desktop\gse_2_2015180018 실습 11\simplegame_object\simplegame\debug\vc141.pdb
c:\users\user\desktop\gse_2_2015180018 실습 11\simplegame_object\simplegame\debug\vc141.idb
c:\users\user\desktop\gse_2_2015180018 실습 11\simplegame_object\simplegame\debug\stdafx.obj
c:\users\user\desktop\gse_2_2015180018 실습 11\simplegame_object\simplegame\debug\loadpng.obj
c:\users\user\desktop\gse_2_2015180018 실습 11\simplegame_object\simplegame\debug\object.obj
c:\users\user\desktop\gse_2_2015180018 실습 11\simplegame_object\simplegame\debug\renderer.obj
c:\users\user\desktop\gse_2_2015180018 실습 11\simplegame_object\simplegame\debug\scenemgr.obj
c:\users\user\desktop\gse_2_2015180018 실습 11\simplegame_object\simplegame\debug\simplegame.obj
c:\users\user\desktop\gse_2_2015180018 실습 11\simplegame_object\simplegame\debug\sound.obj
c:\users\user\desktop\gse_2_2015180018 실습 11\simplegame_object\debug\simplegame.ilk
c:\users\user\desktop\gse_2_2015180018 실습 11\simplegame_object\debug\simplegame.exe
c:\users\user\desktop\gse_2_2015180018 실습 11\simplegame_object\debug\simplegame.pdb
c:\users\user\documents\github\gse_project\gse_2_2015180018\gse_2_2015180018\simplegame_object\simplegame\debug\loadpng.obj
c:\users\user\documents\github\gse_project\gse_2_2015180018\gse_2_2015180018\simplegame_object\simplegame\debug\object.obj
c:\users\user\documents\github\gse_project\gse_2_2015180018\gse_2_2015180018\simplegame_object\simplegame\debug\renderer.obj
c:\users\user\documents\github\gse_project\gse_2_2015180018\gse_2_2015180018\simplegame_object\simplegame\debug\scenemgr.obj
c:\users\user\documents\github\gse_project\gse_2_2015180018\gse_2_2015180018\simplegame_object\simplegame\debug\simplegame.obj
c:\users\user\documents\github\gse_project\gse_2_2015180018\gse_2_2015180018\simplegame_object\simplegame\debug\sound.obj
c:\users\user\documents\github\gse_project\gse_2_2015180018\gse_2_2015180018\simplegame_object\simplegame\debug\stdafx.obj
c:\users\user\documents\github\gse_project\gse_2_2015180018\gse_2_2015180018\simplegame_object\simplegame\debug\simplegame.pch
c:\users\user\documents\github\gse_project\gse_2_2015180018\gse_2_2015180018\simplegame_object\simplegame\debug\vc141.idb
c:\users\user\documents\github\gse_project\gse_2_2015180018\gse_2_2015180018\simplegame_object\simplegame\debug\vc141.pdb
c:\users\user\documents\github\gse_project\gse_2_2015180018\gse_2_2015180018\simplegame_object\debug\simplegame.pdb
c:\users\user\documents\github\gse_project\gse_2_2015180018\gse_2_2015180018\simplegame_object\debug\simplegame.exe
c:\users\user\documents\github\gse_project\gse_2_2015180018\gse_2_2015180018\simplegame_object\debug\simplegame.ilk
c:\users\user\documents\github\gse_project\gse_2_2015180018\gse_2_2015180018\simplegame_object\simplegame\debug\simplegame.tlog\cl.command.1.tlog
c:\users\user\documents\github\gse_project\gse_2_2015180018\gse_2_2015180018\simplegame_object\simplegame\debug\simplegame.tlog\cl.read.1.tlog
c:\users\user\documents\github\gse_project\gse_2_2015180018\gse_2_2015180018\simplegame_object\simplegame\debug\simplegame.tlog\cl.write.1.tlog
c:\users\user\documents\github\gse_project\gse_2_2015180018\gse_2_2015180018\simplegame_object\simplegame\debug\simplegame.tlog\link.command.1.tlog
c:\users\user\documents\github\gse_project\gse_2_2015180018\gse_2_2015180018\simplegame_object\simplegame\debug\simplegame.tlog\link.read.1.tlog
c:\users\user\documents\github\gse_project\gse_2_2015180018\gse_2_2015180018\simplegame_object\simplegame\debug\simplegame.tlog\link.write.1.tlog
